<?xml version="1.0" encoding="UTF-8" ?>
<testsuite tests="5" failures="0" name="com.salesforce.runner.TestRunner" time="0.004" errors="0" skipped="0">
  <properties>
[...]
</properties>
  <testcase classname="Scenario: " name="Given I am in sales force login page in &quot;Chrome&quot;" time="0.003"/>
  <testcase classname="Scenario: " name="When I enter the &quot;username&quot;" time="0"/>
  <testcase classname="Scenario: " name="And I enter the &quot;password&quot;" time="0"/>
  <testcase classname="Scenario: " name="And I select &quot;login&quot; button" time="0"/>
  <testcase classname="Scenario: " name="Scenario: " time="0.001"/>
</testsuite>